Sleeping for 0 hour(s), 0 minute(s), 2 second(s)...
  % Total    % Received % Xferd  Average Speed   Time    Time     Time  Current
                                 Dload  Upload   Total   Spent    Left  Speed
  0     0    0     0    0     0      0      0 --:--:-- --:--:-- --:--:--     0100    70    0     0  100    70      0     69  0:00:01  0:00:01 --:--:--    69100    70    0     0  100    70      0     66  0:00:01  0:00:01 --:--:--    66
/Users/uzun/scripts/denonweb/denonsleep: line 32: output: command not found
Sleeping for 0 hour(s), 0 minute(s), 2 second(s)...
  % Total    % Received % Xferd  Average Speed   Time    Time     Time  Current
                                 Dload  Upload   Total   Spent    Left  Speed
  0     0    0     0    0     0      0      0 --:--:-- --:--:-- --:--:--     0100    70    0     0  100    70      0     69  0:00:01  0:00:01 --:--:--    69100    70    0     0  100    70      0     66  0:00:01  0:00:01 --:--:--    66
/Users/uzun/scripts/denonweb/denonsleep: line 32: output: command not found
Sleeping for 0 hour(s), 0 minute(s), 2 second(s)...
  % Total    % Received % Xferd  Average Speed   Time    Time     Time  Current
                                 Dload  Upload   Total   Spent    Left  Speed
  0     0    0     0    0     0      0      0 --:--:-- --:--:-- --:--:--     0100    70    0     0  100    70      0     69  0:00:01  0:00:01 --:--:--    69100    70    0     0  100    70      0     66  0:00:01  0:00:01 --:--:--    66
/Users/uzun/scripts/denonweb/denonsleep: line 30: output: command not found
Sleeping for 0 hour(s), 0 minute(s), 2 second(s)...
  % Total    % Received % Xferd  Average Speed   Time    Time     Time  Current
                                 Dload  Upload   Total   Spent    Left  Speed
  0     0    0     0    0     0      0      0 --:--:-- --:--:-- --:--:--     0100    70    0     0  100    70      0     69  0:00:01  0:00:01 --:--:--    69100    70    0     0  100    70      0     66  0:00:01  0:00:01 --:--:--    66
/Users/uzun/scripts/denonweb/denonsleep: line 30: output: command not found
Sleeping for 0 hour(s), 0 minute(s), 0 second(s)...
  % Total    % Received % Xferd  Average Speed   Time    Time     Time  Current
                                 Dload  Upload   Total   Spent    Left  Speed
  0     0    0     0    0     0      0      0 --:--:-- --:--:-- --:--:--     0100    70    0     0  100    70      0     69  0:00:01  0:00:01 --:--:--    69100    70    0     0  100    70      0     66  0:00:01  0:00:01 --:--:--    66
/Users/uzun/scripts/denonweb/denonsleep: line 32: output: command not found
Sleeping for 0 hour(s), 0 minute(s), 0 second(s)...
  % Total    % Received % Xferd  Average Speed   Time    Time     Time  Current
                                 Dload  Upload   Total   Spent    Left  Speed
  0     0    0     0    0     0      0      0 --:--:-- --:--:-- --:--:--     0100    70    0     0  100    70      0     69  0:00:01  0:00:01 --:--:--    69100    70    0     0  100    70      0     66  0:00:01  0:00:01 --:--:--    66
/Users/uzun/scripts/denonweb/denonsleep: line 33: output: command not found
